ParseStarterProject/build/intermediates/aapt_proguard_file/release/aapt_rules.txt
# Referenced at merged_manifests/release/AndroidManifest.xml:30
-keep class androidx.core.app.CoreComponentFactory { <init>(); }
# Referenced at merged_manifests/release/AndroidManifest.xml:53
-keep class com.google.android.gms.ads.AdActivity { <init>(); }
# Referenced at merged_manifests/release/AndroidManifest.xml:57
-keep class com.google.android.gms.ads.purchase.InAppPurchaseActivity { <init>(); }
# Referenced at merged_manifests/release/AndroidManifest.xml:60
-keep class com.google.android.gms.appinvite.PreviewActivity { <init>(); }
# Referenced at merged_manifests/release/AndroidManifest.xml:79
-keep class com.google.android.gms.auth.api.signin.RevocationBoundService { <init>(); }
# Referenced at merged_manifests/release/AndroidManifest.xml:70
-keep class com.google.android.gms.auth.api.signin.internal.SignInHubActivity { <init>(); }
# Referenced at merged_manifests/release/AndroidManifest.xml:52
-keep class com.google.android.gms.cast.framework.ReconnectionService { <init>(); }
# Referenced at merged_manifests/release/AndroidManifest.xml:49
-keep class com.google.android.gms.cast.framework.media.MediaIntentReceiver { <init>(); }
# Referenced at merged_manifests/release/AndroidManifest.xml:51
-keep class com.google.android.gms.cast.framework.media.MediaNotificationService { <init>(); }
# Referenced at merged_manifests/release/AndroidManifest.xml:90
-keep class com.google.android.gms.common.api.GoogleApiActivity { <init>(); }
# Referenced at merged_manifests/release/AndroidManifest.xml:123
-keep class com.google.android.gms.measurement.AppMeasurementReceiver { <init>(); }
# Referenced at merged_manifests/release/AndroidManifest.xml:131
-keep class com.google.android.gms.measurement.AppMeasurementService { <init>(); }
# Referenced at merged_manifests/release/AndroidManifest.xml:110
-keep class com.google.android.gms.tagmanager.TagManagerPreviewActivity { <init>(); }
# Referenced at merged_manifests/release/AndroidManifest.xml:105
-keep class com.google.android.gms.tagmanager.TagManagerService { <init>(); }
# Referenced at merged_manifests/release/AndroidManifest.xml:83
-keep class com.google.firebase.crash.internal.service.FirebaseCrashReceiverService { <init>(); }
# Referenced at merged_manifests/release/AndroidManifest.xml:86
-keep class com.google.firebase.crash.internal.service.FirebaseCrashSenderService { <init>(); }
# Referenced at merged_manifests/release/AndroidManifest.xml:151
-keep class com.google.firebase.iid.FirebaseInstanceIdInternalReceiver { <init>(); }
# Referenced at merged_manifests/release/AndroidManifest.xml:136
-keep class com.google.firebase.iid.FirebaseInstanceIdReceiver { <init>(); }
# Referenced at merged_manifests/release/AndroidManifest.xml:158
-keep class com.google.firebase.iid.FirebaseInstanceIdService { <init>(); }
# Referenced at merged_manifests/release/AndroidManifest.xml:98
-keep class com.google.firebase.messaging.FirebaseMessagingService { <init>(); }
# Referenced at merged_manifests/release/AndroidManifest.xml:166
-keep class com.google.firebase.provider.FirebaseInitProvider { <init>(); }
# Referenced at merged_manifests/release/AndroidManifest.xml:38
-keep class com.parse.starter.MainActivity { <init>(); }
# Referenced at merged_manifests/release/AndroidManifest.xml:37
-keep class com.parse.starter.PatientProfileFillingActivity { <init>(); }
# Referenced at merged_manifests/release/AndroidManifest.xml:30
-keep class com.parse.starter.StarterApplication { <init>(); }
# Referenced at merged_manifests/release/AndroidManifest.xml:47
-keep class com.parse.starter.UserListActivity { <init>(); }
# Referenced at res/layout/abc_alert_dialog_button_bar_material.xml:43
# Referenced at res/layout/abc_alert_dialog_material.xml:52
# Referenced at res/layout/abc_alert_dialog_title_material.xml:56
-keep class android.widget.Space { <init>(...); }

# Referenced at res/layout/abc_select_dialog_material.xml:23
-keep class androidx.appcompat.app.AlertController$RecycleListView { <init>(...); }

# Referenced at res/layout/abc_action_menu_item_layout.xml:17
-keep class androidx.appcompat.view.menu.ActionMenuItemView { <init>(...); }

# Referenced at res/layout/abc_expanded_menu_layout.xml:17
-keep class androidx.appcompat.view.menu.ExpandedMenuView { <init>(...); }

# Referenced at res/layout/abc_cascading_menu_item_layout.xml:20
# Referenced at res/layout/abc_list_menu_item_layout.xml:17
# Referenced at res/layout/abc_popup_menu_item_layout.xml:17
-keep class androidx.appcompat.view.menu.ListMenuItemView { <init>(...); }

# Referenced at res/layout/abc_screen_toolbar.xml:27
-keep class androidx.appcompat.widget.ActionBarContainer { <init>(...); }

# Referenced at res/layout/abc_action_mode_bar.xml:19
# Referenced at res/layout/abc_screen_toolbar.xml:43
-keep class androidx.appcompat.widget.ActionBarContextView { <init>(...); }

# Referenced at res/layout/abc_screen_toolbar.xml:17
-keep class androidx.appcompat.widget.ActionBarOverlayLayout { <init>(...); }

# Referenced at res/layout/abc_action_menu_layout.xml:17
-keep class androidx.appcompat.widget.ActionMenuView { <init>(...); }

# Referenced at res/layout/abc_activity_chooser_view.xml:19
-keep class androidx.appcompat.widget.ActivityChooserView$InnerLayout { <init>(...); }

# Referenced at res/layout/abc_alert_dialog_material.xml:18
-keep class androidx.appcompat.widget.AlertDialogLayout { <init>(...); }

# Referenced at res/layout/abc_alert_dialog_button_bar_material.xml:26
-keep class androidx.appcompat.widget.ButtonBarLayout { <init>(...); }

# Referenced at res/layout/abc_screen_content_include.xml:19
-keep class androidx.appcompat.widget.ContentFrameLayout { <init>(...); }

# Referenced at res/layout/abc_alert_dialog_title_material.xml:45
-keep class androidx.appcompat.widget.DialogTitle { <init>(...); }

# Referenced at res/layout/abc_screen_simple_overlay_action_mode.xml:23
-keep class androidx.appcompat.widget.FitWindowsFrameLayout { <init>(...); }

# Referenced at res/layout/abc_dialog_title_material.xml:22
# Referenced at res/layout/abc_screen_simple.xml:17
-keep class androidx.appcompat.widget.FitWindowsLinearLayout { <init>(...); }

# Referenced at res/layout/abc_search_view.xml:75
-keep class androidx.appcompat.widget.SearchView$SearchAutoComplete { <init>(...); }

# Referenced at res/layout/abc_screen_toolbar.xml:36
# Referenced at res/layout/cast_expanded_controller_activity.xml:167
-keep class androidx.appcompat.widget.Toolbar { <init>(...); }

# Referenced at res/layout/abc_screen_simple.xml:25
# Referenced at res/layout/abc_screen_simple_overlay_action_mode.xml:32
-keep class androidx.appcompat.widget.ViewStubCompat { <init>(...); }

# Referenced at res/layout/activity_main.xml:9
# Referenced at res/layout/activity_user_list.xml:2
-keep class androidx.constraintlayout.widget.ConstraintLayout { <init>(...); }

# Referenced at res/layout/design_bottom_sheet_dialog.xml:26
-keep class androidx.coordinatorlayout.widget.CoordinatorLayout { <init>(...); }

# Referenced at res/layout/abc_alert_dialog_material.xml:41
-keep class androidx.core.widget.NestedScrollView { <init>(...); }

# Referenced at res/layout/mr_volume_control.xml:43
-keep class androidx.mediarouter.app.MediaRouteExpandCollapseButton { <init>(...); }

# Referenced at res/layout/mr_cast_group_volume_item.xml:43
# Referenced at res/layout/mr_cast_route_item.xml:53
# Referenced at res/layout/mr_controller_volume_item.xml:43
# Referenced at res/layout/mr_volume_control.xml:34
-keep class androidx.mediarouter.app.MediaRouteVolumeSlider { <init>(...); }

# Referenced at res/layout/mr_controller_material_dialog_b.xml:87
-keep class androidx.mediarouter.app.OverlayListView { <init>(...); }

# Referenced at res/layout/mr_cast_dialog.xml:23
# Referenced at res/layout/mr_picker_dialog.xml:34
-keep class androidx.recyclerview.widget.RecyclerView { <init>(...); }

# Referenced at res/layout/cast_help_text.xml:2
-keep class com.google.android.gms.cast.framework.internal.featurehighlight.HelpTextView { <init>(...); }

# Referenced at res/layout/design_bottom_navigation_item.xml:27
-keep class com.google.android.material.internal.BaselineLayout { <init>(...); }

# Referenced at res/layout/design_text_input_password_icon.xml:18
-keep class com.google.android.material.internal.CheckableImageButton { <init>(...); }

# Referenced at res/layout/design_navigation_item.xml:17
-keep class com.google.android.material.internal.NavigationMenuItemView { <init>(...); }

# Referenced at res/layout/design_navigation_menu.xml:17
-keep class com.google.android.material.internal.NavigationMenuView { <init>(...); }

# Referenced at res/layout/design_layout_snackbar.xml:18
# Referenced at res/layout/mtrl_layout_snackbar.xml:18
-keep class com.google.android.material.snackbar.Snackbar$SnackbarLayout { <init>(...); }

# Referenced at res/layout/design_layout_snackbar_include.xml:18
# Referenced at res/layout/mtrl_layout_snackbar_include.xml:18
-keep class com.google.android.material.snackbar.SnackbarContentLayout { <init>(...); }

# Referenced at res/layout/activity_patient_details_filling.xml:11
-keep class com.google.android.material.textfield.TextInputLayout { <init>(...); }

# Referenced at res/layout/activity_patient_details_filling.xml:138
-keepclassmembers class * { *** doneClicked(android.view.View); }

# Referenced at res/layout/activity_main.xml:63
-keepclassmembers class * { *** signUpClicked(android.view.View); }