ParseStarterProject/build/outputs/mapping/release/seeds.txt
com.parse.starter.UserListActivity
com.parse.starter.PatientProfileFillingActivity: PatientProfileFillingActivity()
com.parse.starter.MainActivity: void signUpClicked(android.view.View)
com.parse.starter.PatientProfileFillingActivity: void doneClicked(android.view.View)
com.parse.starter.StarterApplication
com.parse.starter.MainActivity
com.parse.starter.UserListActivity: UserListActivity()
com.parse.starter.StarterApplication: StarterApplication()
com.parse.starter.PatientProfileFillingActivity
com.parse.starter.MainActivity: void onClick(android.view.View)
com.parse.starter.MainActivity: MainActivity()
...
com.google.android.material.R$id: int parent_matrix
androidx.appcompat.R$drawable: int abc_btn_radio_to_on_mtrl_000
androidx.appcompat.widget.Toolbar: int getContentInsetRight()
com.google.firebase.iid.zzb: zzb()
com.google.android.material.R$id: int search_go_btn
androidx.appcompat.widget.AppCompatImageView: void setImageDrawable(android.graphics.drawable.Drawable)
androidx.appcompat.R$drawable: int abc_textfield_default_mtrl_alpha
com.google.android.gms.ads.internal.overlay.zzk: void setMimeType(java.lang.String)
com.google.android.material.R$style: int Theme_AppCompat_DayNight_Dialog_MinWidth
androidx.constraintlayout.widget.R$styleable: int ConstraintSet_android_translationY
com.google.android.gms.cast.MediaMetadata: android.os.Parcelable$Creator CREATOR
com.google.firebase.crash.internal.service.FirebaseCrashSenderService: FirebaseCrashSenderService()
androidx.appcompat.R$attr: int listItemLayout
com.google.android.material.R$styleable: int[] CardView
com.google.android.material.R$id: int labeled
androidx.appcompat.R$style: int Base_Theme_AppCompat_Light_Dialog_MinWidth
androidx.appcompat.R$bool: int abc_config_actionMenuItemAllCaps
com.google.android.material.transformation.FabTransformationScrimBehavior: FabTransformationScrimBehavior()
com.google.android.gms.cast.framework.ReconnectionService
com.google.android.material.R$attr: int tabPaddingBottom
androidx.appcompat.R$string: int abc_menu_function_shortcut_label
androidx.appcompat.R$attr: int alpha
androidx.appcompat.R$attr: int iconifiedByDefault
com.google.android.material.R$styleable: int AppCompatTextView_lastBaselineToBottomHeight
com.google.android.gms.R$styleable: int[] CustomWalletTheme
androidx.mediarouter.R$drawable: int ic_media_pause_light
com.google.android.material.R$attr: int tabIndicatorColor
androidx.appcompat.R$id: int notification_background
com.google.android.material.R$style: int Base_Widget_AppCompat_Light_ActionBar_TabBar
com.google.android.material.R$attr: int textAppearanceHeadline4
androidx.appcompat.R$styleable: int ActionBar_contentInsetLeft
androidx.appcompat.R$styleable: int DrawerArrowToggle_color
androidx.appcompat.R$styleable: int AppCompatTheme_actionMenuTextColor
androidx.coordinatorlayout.R$style: int Widget_Compat_NotificationActionText
com.google.android.material.R$id: int masked
com.google.android.material.R$styleable: int AppCompatTheme_alertDialogButtonGroupStyle
com.google.android.material.R$attr: int trackTint
com.google.android.material.R$style: int Platform_V25_AppCompat_Light
androidx.constraintlayout.widget.R$styleable: int ConstraintLayout_Layout_layout_constraintVertical_bias
com.google.android.material.floatingactionbutton.FloatingActionButton: void setCustomSize(int)
androidx.appcompat.R$style: int Base_Theme_AppCompat_Light_Dialog_FixedSize
androidx.mediarouter.R$drawable: int ic_mr_button_connected_00_dark
com.google.android.material.R$styleable: int TabLayout_tabPaddingBottom
com.google.android.material.R$layout: int abc_dialog_title_material
com.google.android.gms.cast.MediaQueueItem: android.os.Parcelable$Creator CREATOR
androidx.appcompat.widget.ButtonBarLayout: void setAllowStacking(boolean)
com.google.android.material.R$color: int mtrl_chip_text_color
com.google.android.material.R$styleable: int ActionMode_closeItemLayout
androidx.recyclerview.R$styleable: int GradientColor_android_centerX
androidx.appcompat.widget.ActionBarContextView
androidx.appcompat.widget.AppCompatButton: int getAutoSizeMinTextSize()
androidx.recyclerview.widget.RecyclerView: androidx.recyclerview.widget.RecyclerView$OnFlingListener getOnFlingListener()
com.google.android.gms.measurement.AppMeasurementReceiver: AppMeasurementReceiver()
com.google.android.material.R$styleable: int BottomSheetBehavior_Layout_behavior_fitToContents
androidx.constraintlayout.widget.Barrier: void setType(int)
androidx.appcompat.R$styleable: int AppCompatTextView_fontFamily
androidx.appcompat.widget.AppCompatButton: int getAutoSizeMaxTextSize()