ParseStarterProject/build/outputs/mapping/release/mapping.txt
# compiler: R8
# compiler_version: 1.6.82
# min_api: 14
# pg_map_id: 3547c0d
# common_typos_disable
com.parse.starter.MainActivity -> com.parse.starter.MainActivity:
    1:1:void <init>():32:32 -> <init>
    2:2:void <init>():34:34 -> <init>
    3:3:void <init>():39:39 -> <init>
    1:2:void JumpToPatientProfileUpdate():47:48 -> JumpToPatientProfileUpdate
    1:1:void onClick(android.view.View):63:63 -> onClick
    2:2:void onClick(android.view.View):65:65 -> onClick
    3:6:void onClick(android.view.View):67:70 -> onClick
    7:9:void onClick(android.view.View):72:74 -> onClick
    10:12:void onClick(android.view.View):77:79 -> onClick
    1:11:void onCreate(android.os.Bundle):148:158 -> onCreate
    12:13:void onCreate(android.os.Bundle):160:161 -> onCreate
    14:14:void onCreate(android.os.Bundle):164:164 -> onCreate
    1:2:boolean onKey(android.view.View,int,android.view.KeyEvent):54:55 -> onKey
    1:1:void setUserId(com.parse.ParseUser):85:85 -> setUserId
    2:2:void setUserId(com.parse.ParseUser):87:87 -> setUserId
    3:3:void setUserId(com.parse.ParseUser):89:89 -> setUserId
    4:4:void setUserId(com.parse.ParseUser):91:91 -> setUserId
    5:5:void setUserId(com.parse.ParseUser):93:93 -> setUserId
    6:6:void setUserId(com.parse.ParseUser):97:97 -> setUserId
    7:7:void setUserId(com.parse.ParseUser):99:99 -> setUserId
    1:2:void showUserList():42:43 -> showUserList
    1:1:void signUpClicked(android.view.View):105:105 -> signUpClicked
    2:7:void signUpClicked(android.view.View):109:114 -> signUpClicked
com.parse.starter.MainActivity$1 -> com.parse.starter.MainActivity$1:
    1:1:void <init>(com.parse.starter.MainActivity):114:114 -> <init>
    1:1:void done(java.lang.Throwable):114:114 -> done
    2:2:void done(com.parse.ParseException):118:118 -> done
    3:4:void done(com.parse.ParseException):120:121 -> done
    5:5:void done(com.parse.ParseException):124:124 -> done
com.parse.starter.MainActivity$2 -> com.parse.starter.MainActivity$2:
    1:1:void <init>(com.parse.starter.MainActivity):130:130 -> <init>
    1:1:void done(java.lang.Object,java.lang.Throwable):130:130 -> done
    2:2:void done(com.parse.ParseUser,com.parse.ParseException):134:134 -> done
    3:3:void done(com.parse.ParseUser,com.parse.ParseException):136:136 -> done
    4:4:void done(com.parse.ParseUser,com.parse.ParseException):138:138 -> done
com.parse.starter.PatientProfileFillingActivity -> com.parse.starter.PatientProfileFillingActivity:
    1:1:void <init>():16:16 -> <init>
    1:4:void doneClicked(android.view.View):46:49 -> doneClicked
    5:7:void doneClicked(android.view.View):54:56 -> doneClicked
    8:13:void doneClicked(android.view.View):64:69 -> doneClicked
    14:14:void doneClicked(android.view.View):71:71 -> doneClicked
    15:15:void doneClicked(android.view.View):73:73 -> doneClicked
    16:17:void doneClicked(android.view.View):76:77 -> doneClicked
    18:18:void doneClicked(android.view.View):50:50 -> doneClicked
    1:3:void onCreate(android.os.Bundle):28:30 -> onCreate
    4:9:void onCreate(android.os.Bundle):32:37 -> onCreate
    1:2:void showUserList():41:42 -> showUserList
com.parse.starter.StarterApplication -> com.parse.starter.StarterApplication:
    1:1:void <init>():22:22 -> <init>
    1:1:void onCreate():26:26 -> onCreate
    2:2:void onCreate():31:31 -> onCreate
    3:7:void onCreate():34:38 -> onCreate
    8:8:void onCreate():34:34 -> onCreate
    9:12:void onCreate():45:48 -> onCreate
com.parse.starter.UserListActivity -> com.parse.starter.UserListActivity:
    1:1:void <init>():16:16 -> <init>
    1:2:void onCreate(android.os.Bundle):20:21 -> onCreate
    3:5:void onCreate(android.os.Bundle):23:25 -> onCreate
    6:6:void onCreate(android.os.Bundle):27:27 -> onCreate
    7:8:void onCreate(android.os.Bundle):29:30 -> onCreate
    9:9:void onCreate(android.os.Bundle):32:32 -> onCreate
...
com.google.android.gms.internal.zzxd$6 -> c.a.b.a.h.aq$f:
    com.google.android.gms.internal.zzxd aAD -> b
com.google.android.gms.internal.zzxd$6$1 -> c.a.b.a.h.aq$f$a:
    com.google.android.gms.internal.zzxd$6 aAO -> b
com.google.android.gms.internal.zzxd$7 -> c.a.b.a.h.aq$g:
    com.google.android.gms.internal.zzxd aAD -> c
    android.net.Uri aAP -> b
com.google.android.gms.internal.zzxd$zza -> c.a.b.a.h.aq$h:
    android.content.Context mContext -> a
    java.lang.String[] zzpy(java.lang.String) -> a
com.google.android.gms.internal.zzxd$zzb -> c.a.b.a.h.aq$i:
    com.google.android.gms.internal.zzxd aAD -> b
    void zza(boolean,java.lang.String) -> a
com.google.android.gms.internal.zzxd$zzb$1 -> c.a.b.a.h.aq$i$a:
    com.google.android.gms.internal.zzxd$zzb aAR -> d
    java.lang.String aAK -> c
    boolean aAQ -> b
com.google.android.gms.internal.zzxd$zzc -> c.a.b.a.h.aq$j:
    com.google.android.gms.internal.zzxd zzb(android.content.Context,com.google.android.gms.tagmanager.zzba,com.google.android.gms.tagmanager.zzax) -> a
com.google.android.gms.internal.zzxe -> c.a.b.a.h.bq:
    com.google.android.gms.tagmanager.zzba azd -> e
    java.util.Map aAS -> b
    com.google.android.gms.internal.zzwa aAT -> d
    java.util.concurrent.ExecutorService azb -> c
    java.util.Map zza(com.google.android.gms.internal.zzxe) -> a
    void zza(java.lang.String,android.os.Bundle,java.lang.String,long,boolean) -> a
    void zza(java.lang.String,java.lang.String,java.lang.String,com.google.android.gms.internal.zzwm) -> a
    void zzo(java.lang.String,java.lang.String,java.lang.String) -> a
    com.google.android.gms.internal.zzwa zzb(com.google.android.gms.internal.zzxe) -> b
    void zzcec() -> c2
    void dispatch() -> q
com.google.android.gms.internal.zzxe$1 -> c.a.b.a.h.bq$a:
    com.google.android.gms.internal.zzwm aAU -> e
    com.google.android.gms.internal.zzxe aAV -> f
    java.lang.String aAL -> c
    java.lang.String aAK -> b
    java.lang.String aAM -> d
com.google.android.gms.internal.zzxe$2 -> c.a.b.a.h.bq$b:
    com.google.android.gms.internal.zzxe aAV -> c
    com.google.android.gms.internal.zzwe aAW -> b
com.google.android.gms.internal.zzxe$3 -> c.a.b.a.h.bq$c:
    com.google.android.gms.internal.zzxe aAV -> b
com.google.android.gms.internal.zzxf -> c.a.b.a.h.cq:
    java.util.concurrent.ExecutorService zzcew() -> a
    java.util.concurrent.ScheduledExecutorService zzcex() -> b
com.google.android.gms.internal.zzxf$zza -> c.a.b.a.h.cq$a:
    java.util.concurrent.ExecutorService aAX -> a
    java.util.concurrent.ExecutorService zzcey() -> a
com.google.android.gms.internal.zzxf$zza$1 -> c.a.b.a.h.cq$a$a:
com.google.android.gms.internal.zzxf$zzb -> c.a.b.a.h.cq$b:
    java.util.concurrent.ScheduledExecutorService aAY -> a
    java.util.concurrent.ScheduledExecutorService zzcez() -> a
com.google.android.gms.internal.zzxf$zzb$1 -> c.a.b.a.h.cq$b$a:
com.google.android.gms.internal.zzxg -> c.a.b.a.h.dq:
    android.content.Context mContext -> b
    com.google.android.gms.internal.zzwn aBb -> f
    boolean aBa -> e
    com.google.android.gms.common.stats.zzb yO -> c
    boolean aAZ -> d
    void dispatch() -> a
    void zza(com.google.android.gms.internal.zzwm,java.lang.String) -> a
    void zza(java.lang.String,android.os.Bundle,java.lang.String,long,boolean) -> a
    void zzb(java.lang.String,java.lang.String,java.lang.String,com.google.android.gms.internal.zzwm) -> a
    boolean zzcfa() -> b
    boolean zzcfb() -> c
com.google.android.gms.internal.zzxh -> c.a.b.a.h.eq:
    com.google.android.gms.analytics.GoogleAnalytics zzcsf -> a
    android.content.Context mContext -> b
    com.google.android.gms.analytics.Tracker zzcsd -> c
    com.google.android.gms.analytics.Tracker zzpf(java.lang.String) -> a
    void zzpg(java.lang.String) -> b