ParseStarterProject/build/outputs/mapping/release/usage.txt
com.parse.starter.BuildConfig
com.parse.starter.R$attr
com.parse.starter.R$color
com.parse.starter.R$raw
com.parse.starter.R$interpolator
com.parse.starter.R$mipmap
com.parse.starter.R$array
com.parse.starter.R$bool
com.parse.starter.R$integer
com.parse.starter.R$animator
com.parse.starter.R
com.parse.starter.R$string
com.parse.starter.R$id
com.parse.starter.R$drawable
com.parse.starter.R$style
com.parse.starter.R$anim
com.parse.starter.R$dimen
com.parse.starter.R$layout
com.parse.starter.R$styleable
...
com.google.android.gms.drive.MetadataChangeSet
com.google.android.gms.drive.internal.OnLoadRealtimeResponse
com.google.android.gms.internal.zzahs$2
com.google.android.gms.tagmanager.zzbe
com.google.android.gms.auth.api.signin.GoogleSignInStatusCodes
com.google.android.gms.common.internal.zzg$zza:
    public void <init>(java.util.Set,boolean)
androidx.legacy.coreutils.R$integer
com.google.android.gms.awareness.snapshot.BeaconStateResult
com.google.android.gms.maps.internal.zzaa$zza
com.google.android.gms.maps.internal.zzag
com.google.android.material.chip.ChipGroup$1
com.google.android.gms.tagmanager.zzbv
com.google.android.gms.games.internal.api.RealTimeMultiplayerImpl
com.google.android.material.chip.Chip$1
com.google.android.gms.internal.zzafs:
    public void <init>(com.google.firebase.auth.api.model.GetAccountInfoUser,java.lang.String)
    public void <init>(com.google.firebase.auth.api.model.ProviderUserInfo)
com.parse.ParseRESTObjectBatchCommand:
    public static final int COMMAND_OBJECT_BATCH_MAX_SIZE
    private static final java.lang.String KEY_RESULTS
com.google.android.gms.location.internal.zzd$3
androidx.media2.subtitle.SubtitleTrack$CueList
android.support.v4.media.MediaDescriptionCompatApi23:
    private void <init>()
androidx.appcompat.view.menu.MenuDialogHelper:
    public void setPresenterCallback(androidx.appcompat.view.menu.MenuPresenter$Callback)
com.google.android.gms.awareness.AwarenessOptions
com.google.android.gms.plus.model.people.Person$Urls
androidx.coordinatorlayout.R$layout
androidx.customview.R
androidx.core.app.NotificationCompat$Action$SemanticAction
com.parse.FileObjectStore:
    public bolts.Task existsAsync()
androidx.vectordrawable.R$dimen
com.google.android.gms.games.internal.GamesContract$ClientContextsColumns
androidx.core.view.ViewCompat$OnUnhandledKeyEventListenerWrapper
androidx.annotation.RawRes
com.google.android.gms.wallet.Cart
com.google.android.gms.maps.internal.zzt
com.google.android.gms.wallet.PaymentMethodToken
androidx.fragment.R$dimen
com.google.android.gms.internal.zzalc:
    public static java.lang.Object zzsh(java.lang.String)
androidx.core.util.Consumer
androidx.lifecycle.Lifecycling:
    private void <init>()
    private static final int REFLECTIVE_CALLBACK
    private static final int GENERATED_CALLBACK
com.parse.SaveCallback
com.google.android.gms.wearable.internal.GetCloudSyncOptInOutDoneResponse
com.google.android.gms.config.internal.zze
com.google.android.gms.wearable.CapabilityApi$AddLocalCapabilityResult
com.google.android.gms.maps.GoogleMap$13
com.google.android.gms.wearable.internal.zzbq$3
com.parse.ParseObject$21
androidx.appcompat.graphics.drawable.StateListDrawable:
    void <init>()
    private void updateStateFromTypedArray(android.content.res.TypedArray)
    private void inflateChildElements(android.content.Context,android.content.res.Resources,org.xmlpull.v1.XmlPullParser,android.util.AttributeSet,android.content.res.Resources$Theme)
    public void addState(int[],android.graphics.drawable.Drawable)
    public void inflate(android.content.Context,android.content.res.Resources,org.xmlpull.v1.XmlPullParser,android.util.AttributeSet,android.content.res.Resources$Theme)
    androidx.appcompat.graphics.drawable.StateListDrawable$StateListState getStateListState()
    int getStateCount()
    int[] getStateSet(int)
    android.graphics.drawable.Drawable getStateDrawable(int)
    int getStateDrawableIndex(int[])
    void clearMutated()
    private static final java.lang.String TAG
    private static final boolean DEBUG
com.google.android.gms.internal.zzafa$zzl
com.google.android.gms.maps.model.internal.zzh$zza
androidx.vectordrawable.graphics.drawable.Animatable2Compat$AnimationCallback$1
androidx.core.app.NotificationCompat$BigPictureStyle
com.parse.ParseUser$11
com.google.android.gms.fitness.request.zzn
com.google.android.gms.games.internal.api.SnapshotsImpl$2
androidx.transition.Transition$ArrayListManager
com.parse.ParseFile$10